#
# There is insufficient memory for the Java Runtime Environment to continue.
# Native memory allocation (malloc) failed to allocate 536870912 bytes for committing reserved memory.
# Possible reasons:
#   The system is out of physical RAM or swap space
#   In 32 bit mode, the process size limit was hit
# Possible solutions:
#   Reduce memory load on the system
#   Increase physical memory or swap space
#   Check if swap backing store is full
#   Use 64 bit Java on a 64 bit OS
#   Decrease Java heap size (-Xmx/-Xms)
#   Decrease number of Java threads
#   Decrease Java thread stack sizes (-Xss)
#   Set larger code cache with -XX:ReservedCodeCacheSize=
# This output file may be truncated or incomplete.
#
#  Out of Memory Error (os_linux.cpp:2756), pid=5672, tid=140426545399552
#
# JRE version:  (7.0_79-b15) (build )
# Java VM: Java HotSpot(TM) 64-Bit Server VM (24.79-b02 mixed mode linux-amd64 compressed oops)
# Failed to write core dump. Core dumps have been disabled. To enable core dumping, try "ulimit -c unlimited" before starting Java again
#

---------------  T H R E A D  ---------------

Current thread (0x00007fb79400a000):  JavaThread "Unknown thread" [_thread_in_vm, id=5673, stack(0x00007fb79a4b0000,0x00007fb79a5b1000)]

Stack: [0x00007fb79a4b0000,0x00007fb79a5b1000],  sp=0x00007fb79a5af270,  free space=1020k
Native frames: (J=compiled Java code, j=interpreted, Vv=VM code, C=native code)
V  [libjvm.so+0x9a32da]  VMError::report_and_die()+0x2ea
V  [libjvm.so+0x497f7b]  report_vm_out_of_memory(char const*, int, unsigned long, char const*)+0x9b
V  [libjvm.so+0x81fcce]  os::Linux::commit_memory_impl(char*, unsigned long, bool)+0xfe
V  [libjvm.so+0x820219]  os::pd_commit_memory(char*, unsigned long, unsigned long, bool)+0x29
V  [libjvm.so+0x819faa]  os::commit_memory(char*, unsigned long, unsigned long, bool)+0x2a
V  [libjvm.so+0x88d863]  PSVirtualSpace::expand_by(unsigned long)+0x53
V  [libjvm.so+0x87c4d3]  PSOldGen::initialize(ReservedSpace, unsigned long, char const*, int)+0x103
V  [libjvm.so+0x29a9b3]  AdjoiningGenerations::AdjoiningGenerations(ReservedSpace, unsigned long, unsigned long, unsigned long, unsigned long, unsigned long, unsigned long, unsigned long)+0x3e3
V  [libjvm.so+0x8415f5]  ParallelScavengeHeap::initialize()+0x4d5
V  [libjvm.so+0x9751aa]  Universe::initialize_heap()+0xca
V  [libjvm.so+0x976379]  universe_init()+0x79
V  [libjvm.so+0x5b1d25]  init_globals()+0x65
V  [libjvm.so+0x95dc6d]  Threads::create_vm(JavaVMInitArgs*, bool*)+0x1ed
V  [libjvm.so+0x639fe4]  JNI_CreateJavaVM+0x74
C  [libjli.so+0x2f8e]  JavaMain+0x9e


---------------  P R O C E S S  ---------------

Java Threads: ( => current thread )

Other Threads:

=>0x00007fb79400a000 (exited) JavaThread "Unknown thread" [_thread_in_vm, id=5673, stack(0x00007fb79a4b0000,0x00007fb79a5b1000)]

VM state:not at safepoint (not fully initialized)

VM Mutex/Monitor currently owned by a thread: None

GC Heap History (0 events):
No events

Deoptimization events (0 events):
No events

Internal exceptions (0 events):
No events

Events (0 events):
No events


Dynamic libraries:
00400000-00401000 r-xp 00000000 07:00 415984                             /home/markreo/jdk1.7.0_79/bin/java
00600000-00601000 rw-p 00000000 07:00 415984                             /home/markreo/jdk1.7.0_79/bin/java
00811000-00832000 rw-p 00000000 00:00 0                                  [heap]
c0000000-d0000000 rw-p 00000000 00:00 0 
f0000000-100000000 rw-p 00000000 00:00 0 
7fb790237000-7fb7903a4000 rw-p 00000000 00:00 0 
7fb7903a4000-7fb790524000 rw-p 00000000 00:00 0 
7fb790524000-7fb7905a5000 rw-p 00000000 00:00 0 
7fb7905a5000-7fb790815000 rwxp 00000000 00:00 0 
7fb790815000-7fb7935a5000 rw-p 00000000 00:00 0 
7fb7935a5000-7fb7935bf000 r-xp 00000000 07:00 413572                     /home/markreo/jdk1.7.0_79/jre/lib/amd64/libzip.so
7fb7935bf000-7fb7937bf000 ---p 0001a000 07:00 413572                     /home/markreo/jdk1.7.0_79/jre/lib/amd64/libzip.so
7fb7937bf000-7fb7937c0000 rw-p 0001a000 07:00 413572                     /home/markreo/jdk1.7.0_79/jre/lib/amd64/libzip.so
7fb7937c0000-7fb7937cb000 r-xp 00000000 07:00 266586                     /lib/x86_64-linux-gnu/libnss_files-2.23.so
7fb7937cb000-7fb7939ca000 ---p 0000b000 07:00 266586                     /lib/x86_64-linux-gnu/libnss_files-2.23.so
7fb7939ca000-7fb7939cb000 r--p 0000a000 07:00 266586                     /lib/x86_64-linux-gnu/libnss_files-2.23.so
7fb7939cb000-7fb7939cc000 rw-p 0000b000 07:00 266586                     /lib/x86_64-linux-gnu/libnss_files-2.23.so
7fb7939cc000-7fb7939d2000 rw-p 00000000 00:00 0 
7fb7939d2000-7fb7939dd000 r-xp 00000000 07:00 266596                     /lib/x86_64-linux-gnu/libnss_nis-2.23.so
7fb7939dd000-7fb793bdc000 ---p 0000b000 07:00 266596                     /lib/x86_64-linux-gnu/libnss_nis-2.23.so
7fb793bdc000-7fb793bdd000 r--p 0000a000 07:00 266596                     /lib/x86_64-linux-gnu/libnss_nis-2.23.so
7fb793bdd000-7fb793bde000 rw-p 0000b000 07:00 266596                     /lib/x86_64-linux-gnu/libnss_nis-2.23.so
7fb793bde000-7fb793bf4000 r-xp 00000000 07:00 266580                     /lib/x86_64-linux-gnu/libnsl-2.23.so
7fb793bf4000-7fb793df3000 ---p 00016000 07:00 266580                     /lib/x86_64-linux-gnu/libnsl-2.23.so
7fb793df3000-7fb793df4000 r--p 00015000 07:00 266580                     /lib/x86_64-linux-gnu/libnsl-2.23.so
7fb793df4000-7fb793df5000 rw-p 00016000 07:00 266580                     /lib/x86_64-linux-gnu/libnsl-2.23.so
7fb793df5000-7fb793df7000 rw-p 00000000 00:00 0 
7fb793df7000-7fb793dff000 r-xp 00000000 07:00 266582                     /lib/x86_64-linux-gnu/libnss_compat-2.23.so
7fb793dff000-7fb793ffe000 ---p 00008000 07:00 266582                     /lib/x86_64-linux-gnu/libnss_compat-2.23.so
7fb793ffe000-7fb793fff000 r--p 00007000 07:00 266582                     /lib/x86_64-linux-gnu/libnss_compat-2.23.so
7fb793fff000-7fb794000000 rw-p 00008000 07:00 266582                     /lib/x86_64-linux-gnu/libnss_compat-2.23.so
7fb794000000-7fb794028000 rw-p 00000000 00:00 0 
7fb794028000-7fb798000000 ---p 00000000 00:00 0 
7fb798108000-7fb7981e3000 rw-p 00000000 00:00 0 
7fb7981e3000-7fb79820c000 r-xp 00000000 07:00 413504                     /home/markreo/jdk1.7.0_79/jre/lib/amd64/libjava.so
7fb79820c000-7fb79840c000 ---p 00029000 07:00 413504                     /home/markreo/jdk1.7.0_79/jre/lib/amd64/libjava.so
7fb79840c000-7fb79840e000 rw-p 00029000 07:00 413504                     /home/markreo/jdk1.7.0_79/jre/lib/amd64/libjava.so
7fb79840e000-7fb79841b000 r-xp 00000000 07:00 413558                     /home/markreo/jdk1.7.0_79/jre/lib/amd64/libverify.so
7fb79841b000-7fb79861a000 ---p 0000d000 07:00 413558                     /home/markreo/jdk1.7.0_79/jre/lib/amd64/libverify.so
7fb79861a000-7fb79861c000 rw-p 0000c000 07:00 413558                     /home/markreo/jdk1.7.0_79/jre/lib/amd64/libverify.so
7fb79861c000-7fb798623000 r-xp 00000000 07:00 266641                     /lib/x86_64-linux-gnu/librt-2.23.so
7fb798623000-7fb798822000 ---p 00007000 07:00 266641                     /lib/x86_64-linux-gnu/librt-2.23.so
7fb798822000-7fb798823000 r--p 00006000 07:00 266641                     /lib/x86_64-linux-gnu/librt-2.23.so
7fb798823000-7fb798824000 rw-p 00007000 07:00 266641                     /lib/x86_64-linux-gnu/librt-2.23.so
7fb798824000-7fb79892c000 r-xp 00000000 07:00 266557                     /lib/x86_64-linux-gnu/libm-2.23.so
7fb79892c000-7fb798b2b000 ---p 00108000 07:00 266557                     /lib/x86_64-linux-gnu/libm-2.23.so
7fb798b2b000-7fb798b2c000 r--p 00107000 07:00 266557                     /lib/x86_64-linux-gnu/libm-2.23.so
7fb798b2c000-7fb798b2d000 rw-p 00108000 07:00 266557                     /lib/x86_64-linux-gnu/libm-2.23.so
7fb798b2d000-7fb7996a2000 r-xp 00000000 07:00 413612                     /home/markreo/jdk1.7.0_79/jre/lib/amd64/server/libjvm.so
7fb7996a2000-7fb7998a2000 ---p 00b75000 07:00 413612                     /home/markreo/jdk1.7.0_79/jre/lib/amd64/server/libjvm.so
7fb7998a2000-7fb799966000 rw-p 00b75000 07:00 413612                     /home/markreo/jdk1.7.0_79/jre/lib/amd64/server/libjvm.so
7fb799966000-7fb7999a7000 rw-p 00000000 00:00 0 
7fb7999a7000-7fb799b67000 r-xp 00000000 07:00 266487                     /lib/x86_64-linux-gnu/libc-2.23.so
7fb799b67000-7fb799d66000 ---p 001c0000 07:00 266487                     /lib/x86_64-linux-gnu/libc-2.23.so
7fb799d66000-7fb799d6a000 r--p 001bf000 07:00 266487                     /lib/x86_64-linux-gnu/libc-2.23.so
7fb799d6a000-7fb799d6c000 rw-p 001c3000 07:00 266487                     /lib/x86_64-linux-gnu/libc-2.23.so
7fb799d6c000-7fb799d70000 rw-p 00000000 00:00 0 
7fb799d70000-7fb799d73000 r-xp 00000000 07:00 266511                     /lib/x86_64-linux-gnu/libdl-2.23.so
7fb799d73000-7fb799f72000 ---p 00003000 07:00 266511                     /lib/x86_64-linux-gnu/libdl-2.23.so
7fb799f72000-7fb799f73000 r--p 00002000 07:00 266511                     /lib/x86_64-linux-gnu/libdl-2.23.so
7fb799f73000-7fb799f74000 rw-p 00003000 07:00 266511                     /lib/x86_64-linux-gnu/libdl-2.23.so
7fb799f74000-7fb799f8a000 r-xp 00000000 07:00 535109                     /home/markreo/jdk1.7.0_79/lib/amd64/jli/libjli.so
7fb799f8a000-7fb79a18a000 ---p 00016000 07:00 535109                     /home/markreo/jdk1.7.0_79/lib/amd64/jli/libjli.so
7fb79a18a000-7fb79a18b000 rw-p 00016000 07:00 535109                     /home/markreo/jdk1.7.0_79/lib/amd64/jli/libjli.so
7fb79a18b000-7fb79a1a3000 r-xp 00000000 07:00 266633                     /lib/x86_64-linux-gnu/libpthread-2.23.so
7fb79a1a3000-7fb79a3a2000 ---p 00018000 07:00 266633                     /lib/x86_64-linux-gnu/libpthread-2.23.so
7fb79a3a2000-7fb79a3a3000 r--p 00017000 07:00 266633                     /lib/x86_64-linux-gnu/libpthread-2.23.so
7fb79a3a3000-7fb79a3a4000 rw-p 00018000 07:00 266633                     /lib/x86_64-linux-gnu/libpthread-2.23.so
7fb79a3a4000-7fb79a3a8000 rw-p 00000000 00:00 0 
7fb79a3a8000-7fb79a3ce000 r-xp 00000000 07:00 266459                     /lib/x86_64-linux-gnu/ld-2.23.so
7fb79a3f0000-7fb79a3fa000 rw-p 00000000 00:00 0 
7fb79a3fa000-7fb79a4b0000 rw-p 00000000 00:00 0 
7fb79a4b0000-7fb79a4b3000 ---p 00000000 00:00 0 
7fb79a4b3000-7fb79a5b5000 rw-p 00000000 00:00 0 
7fb79a5c1000-7fb79a5c9000 rw-s 00000000 07:00 665457                     /tmp/hsperfdata_markreo/5672
7fb79a5c9000-7fb79a5ca000 rw-p 00000000 00:00 0 
7fb79a5ca000-7fb79a5cb000 r--p 00000000 00:00 0 
7fb79a5cb000-7fb79a5cd000 rw-p 00000000 00:00 0 
7fb79a5cd000-7fb79a5ce000 r--p 00025000 07:00 266459                     /lib/x86_64-linux-gnu/ld-2.23.so
7fb79a5ce000-7fb79a5cf000 rw-p 00026000 07:00 266459                     /lib/x86_64-linux-gnu/ld-2.23.so
7fb79a5cf000-7fb79a5d0000 rw-p 00000000 00:00 0 
7ffdae7bf000-7ffdae7e0000 rw-p 00000000 00:00 0                          [stack]
7ffdae7ea000-7ffdae7ec000 r--p 00000000 00:00 0                          [vvar]
7ffdae7ec000-7ffdae7ee000 r-xp 00000000 00:00 0                          [vdso]
ffffffffff600000-ffffffffff601000 r-xp 00000000 00:00 0                  [vsyscall]

VM Arguments:
jvm_args: -Dgrails.home=/home/markreo/grails-2.4.4 -Dtools.jar=/home/markreo/jdk1.7.0_79/lib/tools.jar -Dgroovy.starter.conf=/home/markreo/grails-2.4.4/conf/groovy-starter.conf -Xmx768M -Xms768M -XX:MaxPermSize=256m -XX:PermSize=256m -Dbase.dir=/home/markreo/Desktop/LUANVANTOTNGHIEP/Sources/QuanLiNhaTro -Dfile.encoding=UTF-8 
java_command: org.codehaus.groovy.grails.cli.support.GrailsStarter --main org.codehaus.groovy.grails.cli.GrailsScriptRunner --conf /home/markreo/grails-2.4.4/conf/groovy-starter.conf create-controller com.quanlinhatro.home -plain-output
Launcher Type: SUN_STANDARD

Environment Variables:
JAVA_HOME=/home/markreo/jdk1.7.0_79
PATH=/usr/local/sbin:/usr/local/bin:/usr/sbin:/usr/bin:/sbin:/bin:/usr/games:/usr/local/games:/snap/bin
LD_LIBRARY_PATH=/home/markreo/idea-IU-162.1121.32/bin:
SHELL=/bin/bash
DISPLAY=:0

Signal Handlers:
SIGSEGV: [libjvm.so+0x9a3bf0], sa_mask[0]=0x7ffbfeff, sa_flags=0x10000004
SIGBUS: [libjvm.so+0x9a3bf0], sa_mask[0]=0x7ffbfeff, sa_flags=0x10000004
SIGFPE: [libjvm.so+0x81cb60], sa_mask[0]=0x7ffbfeff, sa_flags=0x10000004
SIGPIPE: [libjvm.so+0x81cb60], sa_mask[0]=0x7ffbfeff, sa_flags=0x10000004
SIGXFSZ: [libjvm.so+0x81cb60], sa_mask[0]=0x7ffbfeff, sa_flags=0x10000004
SIGILL: [libjvm.so+0x81cb60], sa_mask[0]=0x7ffbfeff, sa_flags=0x10000004
SIGUSR1: SIG_DFL, sa_mask[0]=0x00000000, sa_flags=0x00000000
SIGUSR2: [libjvm.so+0x81e360], sa_mask[0]=0x00000004, sa_flags=0x10000004
SIGHUP: SIG_DFL, sa_mask[0]=0x00000000, sa_flags=0x00000000
SIGINT: SIG_DFL, sa_mask[0]=0x00000000, sa_flags=0x00000000
SIGTERM: SIG_DFL, sa_mask[0]=0x00000000, sa_flags=0x00000000
SIGQUIT: SIG_DFL, sa_mask[0]=0x00000000, sa_flags=0x00000000


---------------  S Y S T E M  ---------------

OS:stretch/sid

uname:Linux 4.4.0-36-generic #55-Ubuntu SMP Thu Aug 11 18:01:55 UTC 2016 x86_64
libc:glibc 2.23 NPTL 2.23 
rlimit: STACK 8192k, CORE 0k, NPROC 15156, NOFILE 65536, AS infinity
load average:2.21 1.73 1.06

/proc/meminfo:
MemTotal:        3918680 kB
MemFree:          126720 kB
MemAvailable:     201216 kB
Buffers:           90696 kB
Cached:           444796 kB
SwapCached:         1596 kB
Active:          2607064 kB
Inactive:         964744 kB
Active(anon):    2479632 kB
Inactive(anon):   833324 kB
Active(file):     127432 kB
Inactive(file):   131420 kB
Unevictable:        2660 kB
Mlocked:              84 kB
SwapTotal:        262140 kB
SwapFree:            844 kB
Dirty:             16644 kB
Writeback:           184 kB
AnonPages:       3038816 kB
Mapped:           261964 kB
Shmem:            273012 kB
Slab:              88000 kB
SReclaimable:      44812 kB
SUnreclaim:        43188 kB
KernelStack:       12720 kB
PageTables:        58188 kB
NFS_Unstable:          0 kB
Bounce:                0 kB
WritebackTmp:          0 kB
CommitLimit:     2221480 kB
Committed_AS:    9723880 kB
VmallocTotal:   34359738367 kB
VmallocUsed:           0 kB
VmallocChunk:          0 kB
HardwareCorrupted:     0 kB
AnonHugePages:    403456 kB
CmaTotal:              0 kB
CmaFree:               0 kB
HugePages_Total:       0
HugePages_Free:        0
HugePages_Rsvd:        0
HugePages_Surp:        0
Hugepagesize:       2048 kB
DirectMap4k:      300796 kB
DirectMap2M:     3766272 kB


CPU:total 4 (2 cores per cpu, 2 threads per core) family 6 model 58 stepping 9, cmov, cx8, fxsr, mmx, sse, sse2, sse3, ssse3, sse4.1, sse4.2, popcnt, avx, aes, erms, ht, tsc, tscinvbit, tscinv

/proc/cpuinfo:
processor	: 0
vendor_id	: GenuineIntel
cpu family	: 6
model		: 58
model name	: Intel(R) Core(TM) i5-3230M CPU @ 2.60GHz
stepping	: 9
microcode	: 0x15
cpu MHz		: 2997.718
cache size	: 3072 KB
physical id	: 0
siblings	: 4
core id		: 0
cpu cores	: 2
apicid		: 0
initial apicid	: 0
fpu		: yes
fpu_exception	: yes
cpuid level	: 13
wp		: yes
flags		: fpu vme de pse tsc msr pae mce cx8 apic sep mtrr pge mca cmov pat pse36 clflush dts acpi mmx fxsr sse sse2 ss ht tm pbe syscall nx rdtscp lm constant_tsc arch_perfmon pebs bts rep_good nopl xtopology nonstop_tsc aperfmperf eagerfpu pni pclmulqdq dtes64 monitor ds_cpl vmx est tm2 ssse3 cx16 xtpr pdcm pcid sse4_1 sse4_2 x2apic popcnt tsc_deadline_timer aes xsave avx f16c rdrand lahf_lm epb tpr_shadow vnmi flexpriority ept vpid fsgsbase smep erms xsaveopt dtherm ida arat pln pts
bugs		:
bogomips	: 5187.90
clflush size	: 64
cache_alignment	: 64
address sizes	: 36 bits physical, 48 bits virtual
power management:

processor	: 1
vendor_id	: GenuineIntel
cpu family	: 6
model		: 58
model name	: Intel(R) Core(TM) i5-3230M CPU @ 2.60GHz
stepping	: 9
microcode	: 0x15
cpu MHz		: 2998.937
cache size	: 3072 KB
physical id	: 0
siblings	: 4
core id		: 0
cpu cores	: 2
apicid		: 1
initial apicid	: 1
fpu		: yes
fpu_exception	: yes
cpuid level	: 13
wp		: yes
flags		: fpu vme de pse tsc msr pae mce cx8 apic sep mtrr pge mca cmov pat pse36 clflush dts acpi mmx fxsr sse sse2 ss ht tm pbe syscall nx rdtscp lm constant_tsc arch_perfmon pebs bts rep_good nopl xtopology nonstop_tsc aperfmperf eagerfpu pni pclmulqdq dtes64 monitor ds_cpl vmx est tm2 ssse3 cx16 xtpr pdcm pcid sse4_1 sse4_2 x2apic popcnt tsc_deadline_timer aes xsave avx f16c rdrand lahf_lm epb tpr_shadow vnmi flexpriority ept vpid fsgsbase smep erms xsaveopt dtherm ida arat pln pts
bugs		:
bogomips	: 5187.90
clflush size	: 64
cache_alignment	: 64
address sizes	: 36 bits physical, 48 bits virtual
power management:

processor	: 2
vendor_id	: GenuineIntel
cpu family	: 6
model		: 58
model name	: Intel(R) Core(TM) i5-3230M CPU @ 2.60GHz
stepping	: 9
microcode	: 0x15
cpu MHz		: 2984.820
cache size	: 3072 KB
physical id	: 0
siblings	: 4
core id		: 1
cpu cores	: 2
apicid		: 2
initial apicid	: 2
fpu		: yes
fpu_exception	: yes
cpuid level	: 13
wp		: yes
flags		: fpu vme de pse tsc msr pae mce cx8 apic sep mtrr pge mca cmov pat pse36 clflush dts acpi mmx fxsr sse sse2 ss ht tm pbe syscall nx rdtscp lm constant_tsc arch_perfmon pebs bts rep_good nopl xtopology nonstop_tsc aperfmperf eagerfpu pni pclmulqdq dtes64 monitor ds_cpl vmx est tm2 ssse3 cx16 xtpr pdcm pcid sse4_1 sse4_2 x2apic popcnt tsc_deadline_timer aes xsave avx f16c rdrand lahf_lm epb tpr_shadow vnmi flexpriority ept vpid fsgsbase smep erms xsaveopt dtherm ida arat pln pts
bugs		:
bogomips	: 5187.90
clflush size	: 64
cache_alignment	: 64
address sizes	: 36 bits physical, 48 bits virtual
power management:

processor	: 3
vendor_id	: GenuineIntel
cpu family	: 6
model		: 58
model name	: Intel(R) Core(TM) i5-3230M CPU @ 2.60GHz
stepping	: 9
microcode	: 0x15
cpu MHz		: 2997.617
cache size	: 3072 KB
physical id	: 0
siblings	: 4
core id		: 1
cpu cores	: 2
apicid		: 3
initial apicid	: 3
fpu		: yes
fpu_exception	: yes
cpuid level	: 13
wp		: yes
flags		: fpu vme de pse tsc msr pae mce cx8 apic sep mtrr pge mca cmov pat pse36 clflush dts acpi mmx fxsr sse sse2 ss ht tm pbe syscall nx rdtscp lm constant_tsc arch_perfmon pebs bts rep_good nopl xtopology nonstop_tsc aperfmperf eagerfpu pni pclmulqdq dtes64 monitor ds_cpl vmx est tm2 ssse3 cx16 xtpr pdcm pcid sse4_1 sse4_2 x2apic popcnt tsc_deadline_timer aes xsave avx f16c rdrand lahf_lm epb tpr_shadow vnmi flexpriority ept vpid fsgsbase smep erms xsaveopt dtherm ida arat pln pts
bugs		:
bogomips	: 5187.90
clflush size	: 64
cache_alignment	: 64
address sizes	: 36 bits physical, 48 bits virtual
power management:



Memory: 4k page, physical 3918680k(126720k free), swap 262140k(844k free)

vm_info: Java HotSpot(TM) 64-Bit Server VM (24.79-b02) for linux-amd64 JRE (1.7.0_79-b15), built on Apr 10 2015 11:34:48 by "java_re" with gcc 4.3.0 20080428 (Red Hat 4.3.0-8)

time: Wed Sep 14 21:19:09 2016
elapsed time: 0 seconds

