#
# There is insufficient memory for the Java Runtime Environment to continue.
# Native memory allocation (malloc) failed to allocate 536870912 bytes for committing reserved memory.
# Possible reasons:
#   The system is out of physical RAM or swap space
#   In 32 bit mode, the process size limit was hit
# Possible solutions:
#   Reduce memory load on the system
#   Increase physical memory or swap space
#   Check if swap backing store is full
#   Use 64 bit Java on a 64 bit OS
#   Decrease Java heap size (-Xmx/-Xms)
#   Decrease number of Java threads
#   Decrease Java thread stack sizes (-Xss)
#   Set larger code cache with -XX:ReservedCodeCacheSize=
# This output file may be truncated or incomplete.
#
#  Out of Memory Error (os_linux.cpp:2756), pid=5682, tid=139691145320192
#
# JRE version:  (7.0_79-b15) (build )
# Java VM: Java HotSpot(TM) 64-Bit Server VM (24.79-b02 mixed mode linux-amd64 compressed oops)
# Failed to write core dump. Core dumps have been disabled. To enable core dumping, try "ulimit -c unlimited" before starting Java again
#

---------------  T H R E A D  ---------------

Current thread (0x00007f0c5800a000):  JavaThread "Unknown thread" [_thread_in_vm, id=5683, stack(0x00007f0c61085000,0x00007f0c61186000)]

Stack: [0x00007f0c61085000,0x00007f0c61186000],  sp=0x00007f0c61184270,  free space=1020k
Native frames: (J=compiled Java code, j=interpreted, Vv=VM code, C=native code)
V  [libjvm.so+0x9a32da]  VMError::report_and_die()+0x2ea
V  [libjvm.so+0x497f7b]  report_vm_out_of_memory(char const*, int, unsigned long, char const*)+0x9b
V  [libjvm.so+0x81fcce]  os::Linux::commit_memory_impl(char*, unsigned long, bool)+0xfe
V  [libjvm.so+0x820219]  os::pd_commit_memory(char*, unsigned long, unsigned long, bool)+0x29
V  [libjvm.so+0x819faa]  os::commit_memory(char*, unsigned long, unsigned long, bool)+0x2a
V  [libjvm.so+0x88d863]  PSVirtualSpace::expand_by(unsigned long)+0x53
V  [libjvm.so+0x87c4d3]  PSOldGen::initialize(ReservedSpace, unsigned long, char const*, int)+0x103
V  [libjvm.so+0x29a9b3]  AdjoiningGenerations::AdjoiningGenerations(ReservedSpace, unsigned long, unsigned long, unsigned long, unsigned long, unsigned long, unsigned long, unsigned long)+0x3e3
V  [libjvm.so+0x8415f5]  ParallelScavengeHeap::initialize()+0x4d5
V  [libjvm.so+0x9751aa]  Universe::initialize_heap()+0xca
V  [libjvm.so+0x976379]  universe_init()+0x79
V  [libjvm.so+0x5b1d25]  init_globals()+0x65
V  [libjvm.so+0x95dc6d]  Threads::create_vm(JavaVMInitArgs*, bool*)+0x1ed
V  [libjvm.so+0x639fe4]  JNI_CreateJavaVM+0x74
C  [libjli.so+0x2f8e]  JavaMain+0x9e


---------------  P R O C E S S  ---------------

Java Threads: ( => current thread )

Other Threads:

=>0x00007f0c5800a000 (exited) JavaThread "Unknown thread" [_thread_in_vm, id=5683, stack(0x00007f0c61085000,0x00007f0c61186000)]

VM state:not at safepoint (not fully initialized)

VM Mutex/Monitor currently owned by a thread: None

GC Heap History (0 events):
No events

Deoptimization events (0 events):
No events

Internal exceptions (0 events):
No events

Events (0 events):
No events


Dynamic libraries:
00400000-00401000 r-xp 00000000 07:00 415984                             /home/markreo/jdk1.7.0_79/bin/java
00600000-00601000 rw-p 00000000 07:00 415984                             /home/markreo/jdk1.7.0_79/bin/java
0226c000-0228d000 rw-p 00000000 00:00 0                                  [heap]
c0000000-d0000000 rw-p 00000000 00:00 0 
f0000000-100000000 rw-p 00000000 00:00 0 
7f0c55000000-7f0c55270000 rwxp 00000000 00:00 0 
7f0c55270000-7f0c58028000 rw-p 00000000 00:00 0 
7f0c58028000-7f0c5c000000 ---p 00000000 00:00 0 
7f0c5df14000-7f0c5e15c000 rw-p 00000000 00:00 0 
7f0c5e15c000-7f0c5e2dc000 rw-p 00000000 00:00 0 
7f0c5e2dc000-7f0c5e35d000 rw-p 00000000 00:00 0 
7f0c5e35d000-7f0c5e377000 r-xp 00000000 07:00 413572                     /home/markreo/jdk1.7.0_79/jre/lib/amd64/libzip.so
7f0c5e377000-7f0c5e577000 ---p 0001a000 07:00 413572                     /home/markreo/jdk1.7.0_79/jre/lib/amd64/libzip.so
7f0c5e577000-7f0c5e578000 rw-p 0001a000 07:00 413572                     /home/markreo/jdk1.7.0_79/jre/lib/amd64/libzip.so
7f0c5e578000-7f0c5e583000 r-xp 00000000 07:00 266586                     /lib/x86_64-linux-gnu/libnss_files-2.23.so
7f0c5e583000-7f0c5e782000 ---p 0000b000 07:00 266586                     /lib/x86_64-linux-gnu/libnss_files-2.23.so
7f0c5e782000-7f0c5e783000 r--p 0000a000 07:00 266586                     /lib/x86_64-linux-gnu/libnss_files-2.23.so
7f0c5e783000-7f0c5e784000 rw-p 0000b000 07:00 266586                     /lib/x86_64-linux-gnu/libnss_files-2.23.so
7f0c5e784000-7f0c5e78a000 rw-p 00000000 00:00 0 
7f0c5e78a000-7f0c5e795000 r-xp 00000000 07:00 266596                     /lib/x86_64-linux-gnu/libnss_nis-2.23.so
7f0c5e795000-7f0c5e994000 ---p 0000b000 07:00 266596                     /lib/x86_64-linux-gnu/libnss_nis-2.23.so
7f0c5e994000-7f0c5e995000 r--p 0000a000 07:00 266596                     /lib/x86_64-linux-gnu/libnss_nis-2.23.so
7f0c5e995000-7f0c5e996000 rw-p 0000b000 07:00 266596                     /lib/x86_64-linux-gnu/libnss_nis-2.23.so
7f0c5e996000-7f0c5e9ac000 r-xp 00000000 07:00 266580                     /lib/x86_64-linux-gnu/libnsl-2.23.so
7f0c5e9ac000-7f0c5ebab000 ---p 00016000 07:00 266580                     /lib/x86_64-linux-gnu/libnsl-2.23.so
7f0c5ebab000-7f0c5ebac000 r--p 00015000 07:00 266580                     /lib/x86_64-linux-gnu/libnsl-2.23.so
7f0c5ebac000-7f0c5ebad000 rw-p 00016000 07:00 266580                     /lib/x86_64-linux-gnu/libnsl-2.23.so
7f0c5ebad000-7f0c5ebaf000 rw-p 00000000 00:00 0 
7f0c5ebaf000-7f0c5ebb7000 r-xp 00000000 07:00 266582                     /lib/x86_64-linux-gnu/libnss_compat-2.23.so
7f0c5ebb7000-7f0c5edb6000 ---p 00008000 07:00 266582                     /lib/x86_64-linux-gnu/libnss_compat-2.23.so
7f0c5edb6000-7f0c5edb7000 r--p 00007000 07:00 266582                     /lib/x86_64-linux-gnu/libnss_compat-2.23.so
7f0c5edb7000-7f0c5edb8000 rw-p 00008000 07:00 266582                     /lib/x86_64-linux-gnu/libnss_compat-2.23.so
7f0c5edb8000-7f0c5ede1000 r-xp 00000000 07:00 413504                     /home/markreo/jdk1.7.0_79/jre/lib/amd64/libjava.so
7f0c5ede1000-7f0c5efe1000 ---p 00029000 07:00 413504                     /home/markreo/jdk1.7.0_79/jre/lib/amd64/libjava.so
7f0c5efe1000-7f0c5efe3000 rw-p 00029000 07:00 413504                     /home/markreo/jdk1.7.0_79/jre/lib/amd64/libjava.so
7f0c5efe3000-7f0c5eff0000 r-xp 00000000 07:00 413558                     /home/markreo/jdk1.7.0_79/jre/lib/amd64/libverify.so
7f0c5eff0000-7f0c5f1ef000 ---p 0000d000 07:00 413558                     /home/markreo/jdk1.7.0_79/jre/lib/amd64/libverify.so
7f0c5f1ef000-7f0c5f1f1000 rw-p 0000c000 07:00 413558                     /home/markreo/jdk1.7.0_79/jre/lib/amd64/libverify.so
7f0c5f1f1000-7f0c5f1f8000 r-xp 00000000 07:00 266641                     /lib/x86_64-linux-gnu/librt-2.23.so
7f0c5f1f8000-7f0c5f3f7000 ---p 00007000 07:00 266641                     /lib/x86_64-linux-gnu/librt-2.23.so
7f0c5f3f7000-7f0c5f3f8000 r--p 00006000 07:00 266641                     /lib/x86_64-linux-gnu/librt-2.23.so
7f0c5f3f8000-7f0c5f3f9000 rw-p 00007000 07:00 266641                     /lib/x86_64-linux-gnu/librt-2.23.so
7f0c5f3f9000-7f0c5f501000 r-xp 00000000 07:00 266557                     /lib/x86_64-linux-gnu/libm-2.23.so
7f0c5f501000-7f0c5f700000 ---p 00108000 07:00 266557                     /lib/x86_64-linux-gnu/libm-2.23.so
7f0c5f700000-7f0c5f701000 r--p 00107000 07:00 266557                     /lib/x86_64-linux-gnu/libm-2.23.so
7f0c5f701000-7f0c5f702000 rw-p 00108000 07:00 266557                     /lib/x86_64-linux-gnu/libm-2.23.so
7f0c5f702000-7f0c60277000 r-xp 00000000 07:00 413612                     /home/markreo/jdk1.7.0_79/jre/lib/amd64/server/libjvm.so
7f0c60277000-7f0c60477000 ---p 00b75000 07:00 413612                     /home/markreo/jdk1.7.0_79/jre/lib/amd64/server/libjvm.so
7f0c60477000-7f0c6053b000 rw-p 00b75000 07:00 413612                     /home/markreo/jdk1.7.0_79/jre/lib/amd64/server/libjvm.so
7f0c6053b000-7f0c6057c000 rw-p 00000000 00:00 0 
7f0c6057c000-7f0c6073c000 r-xp 00000000 07:00 266487                     /lib/x86_64-linux-gnu/libc-2.23.so
7f0c6073c000-7f0c6093b000 ---p 001c0000 07:00 266487                     /lib/x86_64-linux-gnu/libc-2.23.so
7f0c6093b000-7f0c6093f000 r--p 001bf000 07:00 266487                     /lib/x86_64-linux-gnu/libc-2.23.so
7f0c6093f000-7f0c60941000 rw-p 001c3000 07:00 266487                     /lib/x86_64-linux-gnu/libc-2.23.so
7f0c60941000-7f0c60945000 rw-p 00000000 00:00 0 
7f0c60945000-7f0c60948000 r-xp 00000000 07:00 266511                     /lib/x86_64-linux-gnu/libdl-2.23.so
7f0c60948000-7f0c60b47000 ---p 00003000 07:00 266511                     /lib/x86_64-linux-gnu/libdl-2.23.so
7f0c60b47000-7f0c60b48000 r--p 00002000 07:00 266511                     /lib/x86_64-linux-gnu/libdl-2.23.so
7f0c60b48000-7f0c60b49000 rw-p 00003000 07:00 266511                     /lib/x86_64-linux-gnu/libdl-2.23.so
7f0c60b49000-7f0c60b5f000 r-xp 00000000 07:00 535109                     /home/markreo/jdk1.7.0_79/lib/amd64/jli/libjli.so
7f0c60b5f000-7f0c60d5f000 ---p 00016000 07:00 535109                     /home/markreo/jdk1.7.0_79/lib/amd64/jli/libjli.so
7f0c60d5f000-7f0c60d60000 rw-p 00016000 07:00 535109                     /home/markreo/jdk1.7.0_79/lib/amd64/jli/libjli.so
7f0c60d60000-7f0c60d78000 r-xp 00000000 07:00 266633                     /lib/x86_64-linux-gnu/libpthread-2.23.so
7f0c60d78000-7f0c60f77000 ---p 00018000 07:00 266633                     /lib/x86_64-linux-gnu/libpthread-2.23.so
7f0c60f77000-7f0c60f78000 r--p 00017000 07:00 266633                     /lib/x86_64-linux-gnu/libpthread-2.23.so
7f0c60f78000-7f0c60f79000 rw-p 00018000 07:00 266633                     /lib/x86_64-linux-gnu/libpthread-2.23.so
7f0c60f79000-7f0c60f7d000 rw-p 00000000 00:00 0 
7f0c60f7d000-7f0c60fa3000 r-xp 00000000 07:00 266459                     /lib/x86_64-linux-gnu/ld-2.23.so
7f0c60fc5000-7f0c60fcf000 rw-p 00000000 00:00 0 
7f0c60fcf000-7f0c61085000 rw-p 00000000 00:00 0 
7f0c61085000-7f0c61088000 ---p 00000000 00:00 0 
7f0c61088000-7f0c6118a000 rw-p 00000000 00:00 0 
7f0c61196000-7f0c6119e000 rw-s 00000000 07:00 665457                     /tmp/hsperfdata_markreo/5682
7f0c6119e000-7f0c6119f000 rw-p 00000000 00:00 0 
7f0c6119f000-7f0c611a0000 r--p 00000000 00:00 0 
7f0c611a0000-7f0c611a2000 rw-p 00000000 00:00 0 
7f0c611a2000-7f0c611a3000 r--p 00025000 07:00 266459                     /lib/x86_64-linux-gnu/ld-2.23.so
7f0c611a3000-7f0c611a4000 rw-p 00026000 07:00 266459                     /lib/x86_64-linux-gnu/ld-2.23.so
7f0c611a4000-7f0c611a5000 rw-p 00000000 00:00 0 
7ffcb94ef000-7ffcb9510000 rw-p 00000000 00:00 0                          [stack]
7ffcb95b9000-7ffcb95bb000 r--p 00000000 00:00 0                          [vvar]
7ffcb95bb000-7ffcb95bd000 r-xp 00000000 00:00 0                          [vdso]
ffffffffff600000-ffffffffff601000 r-xp 00000000 00:00 0                  [vsyscall]

VM Arguments:
jvm_args: -Dgrails.home=/home/markreo/grails-2.4.4 -Dtools.jar=/home/markreo/jdk1.7.0_79/lib/tools.jar -Dgroovy.starter.conf=/home/markreo/grails-2.4.4/conf/groovy-starter.conf -Xmx768M -Xms768M -XX:MaxPermSize=256m -XX:PermSize=256m -Dbase.dir=/home/markreo/Desktop/LUANVANTOTNGHIEP/Sources/QuanLiNhaTro -Dfile.encoding=UTF-8 
java_command: org.codehaus.groovy.grails.cli.support.GrailsStarter --main org.codehaus.groovy.grails.cli.GrailsScriptRunner --conf /home/markreo/grails-2.4.4/conf/groovy-starter.conf create-controller com.quanlinhatro.home -plain-output
Launcher Type: SUN_STANDARD

Environment Variables:
JAVA_HOME=/home/markreo/jdk1.7.0_79
PATH=/usr/local/sbin:/usr/local/bin:/usr/sbin:/usr/bin:/sbin:/bin:/usr/games:/usr/local/games:/snap/bin
LD_LIBRARY_PATH=/home/markreo/idea-IU-162.1121.32/bin:
SHELL=/bin/bash
DISPLAY=:0

Signal Handlers:
SIGSEGV: [libjvm.so+0x9a3bf0], sa_mask[0]=0x7ffbfeff, sa_flags=0x10000004
SIGBUS: [libjvm.so+0x9a3bf0], sa_mask[0]=0x7ffbfeff, sa_flags=0x10000004
SIGFPE: [libjvm.so+0x81cb60], sa_mask[0]=0x7ffbfeff, sa_flags=0x10000004
SIGPIPE: [libjvm.so+0x81cb60], sa_mask[0]=0x7ffbfeff, sa_flags=0x10000004
SIGXFSZ: [libjvm.so+0x81cb60], sa_mask[0]=0x7ffbfeff, sa_flags=0x10000004
SIGILL: [libjvm.so+0x81cb60], sa_mask[0]=0x7ffbfeff, sa_flags=0x10000004
SIGUSR1: SIG_DFL, sa_mask[0]=0x00000000, sa_flags=0x00000000
SIGUSR2: [libjvm.so+0x81e360], sa_mask[0]=0x00000004, sa_flags=0x10000004
SIGHUP: SIG_DFL, sa_mask[0]=0x00000000, sa_flags=0x00000000
SIGINT: SIG_DFL, sa_mask[0]=0x00000000, sa_flags=0x00000000
SIGTERM: SIG_DFL, sa_mask[0]=0x00000000, sa_flags=0x00000000
SIGQUIT: SIG_DFL, sa_mask[0]=0x00000000, sa_flags=0x00000000


---------------  S Y S T E M  ---------------

OS:stretch/sid

uname:Linux 4.4.0-36-generic #55-Ubuntu SMP Thu Aug 11 18:01:55 UTC 2016 x86_64
libc:glibc 2.23 NPTL 2.23 
rlimit: STACK 8192k, CORE 0k, NPROC 15156, NOFILE 65536, AS infinity
load average:1.20 1.53 1.02

/proc/meminfo:
MemTotal:        3918680 kB
MemFree:          109412 kB
MemAvailable:     200792 kB
Buffers:           92928 kB
Cached:           455396 kB
SwapCached:         2408 kB
Active:          2628496 kB
Inactive:         959648 kB
Active(anon):    2482176 kB
Inactive(anon):   830640 kB
Active(file):     146320 kB
Inactive(file):   129008 kB
Unevictable:        2660 kB
Mlocked:              84 kB
SwapTotal:        262140 kB
SwapFree:              0 kB
Dirty:                24 kB
Writeback:             0 kB
AnonPages:       3040748 kB
Mapped:           250052 kB
Shmem:            269760 kB
Slab:              89052 kB
SReclaimable:      45628 kB
SUnreclaim:        43424 kB
KernelStack:       12640 kB
PageTables:        58188 kB
NFS_Unstable:          0 kB
Bounce:                0 kB
WritebackTmp:          0 kB
CommitLimit:     2221480 kB
Committed_AS:    9722064 kB
VmallocTotal:   34359738367 kB
VmallocUsed:           0 kB
VmallocChunk:          0 kB
HardwareCorrupted:     0 kB
AnonHugePages:    403456 kB
CmaTotal:              0 kB
CmaFree:               0 kB
HugePages_Total:       0
HugePages_Free:        0
HugePages_Rsvd:        0
HugePages_Surp:        0
Hugepagesize:       2048 kB
DirectMap4k:      300796 kB
DirectMap2M:     3766272 kB


CPU:total 4 (2 cores per cpu, 2 threads per core) family 6 model 58 stepping 9, cmov, cx8, fxsr, mmx, sse, sse2, sse3, ssse3, sse4.1, sse4.2, popcnt, avx, aes, erms, ht, tsc, tscinvbit, tscinv

/proc/cpuinfo:
processor	: 0
vendor_id	: GenuineIntel
cpu family	: 6
model		: 58
model name	: Intel(R) Core(TM) i5-3230M CPU @ 2.60GHz
stepping	: 9
microcode	: 0x15
cpu MHz		: 3005.640
cache size	: 3072 KB
physical id	: 0
siblings	: 4
core id		: 0
cpu cores	: 2
apicid		: 0
initial apicid	: 0
fpu		: yes
fpu_exception	: yes
cpuid level	: 13
wp		: yes
flags		: fpu vme de pse tsc msr pae mce cx8 apic sep mtrr pge mca cmov pat pse36 clflush dts acpi mmx fxsr sse sse2 ss ht tm pbe syscall nx rdtscp lm constant_tsc arch_perfmon pebs bts rep_good nopl xtopology nonstop_tsc aperfmperf eagerfpu pni pclmulqdq dtes64 monitor ds_cpl vmx est tm2 ssse3 cx16 xtpr pdcm pcid sse4_1 sse4_2 x2apic popcnt tsc_deadline_timer aes xsave avx f16c rdrand lahf_lm epb tpr_shadow vnmi flexpriority ept vpid fsgsbase smep erms xsaveopt dtherm ida arat pln pts
bugs		:
bogomips	: 5187.90
clflush size	: 64
cache_alignment	: 64
address sizes	: 36 bits physical, 48 bits virtual
power management:

processor	: 1
vendor_id	: GenuineIntel
cpu family	: 6
model		: 58
model name	: Intel(R) Core(TM) i5-3230M CPU @ 2.60GHz
stepping	: 9
microcode	: 0x15
cpu MHz		: 2999.953
cache size	: 3072 KB
physical id	: 0
siblings	: 4
core id		: 0
cpu cores	: 2
apicid		: 1
initial apicid	: 1
fpu		: yes
fpu_exception	: yes
cpuid level	: 13
wp		: yes
flags		: fpu vme de pse tsc msr pae mce cx8 apic sep mtrr pge mca cmov pat pse36 clflush dts acpi mmx fxsr sse sse2 ss ht tm pbe syscall nx rdtscp lm constant_tsc arch_perfmon pebs bts rep_good nopl xtopology nonstop_tsc aperfmperf eagerfpu pni pclmulqdq dtes64 monitor ds_cpl vmx est tm2 ssse3 cx16 xtpr pdcm pcid sse4_1 sse4_2 x2apic popcnt tsc_deadline_timer aes xsave avx f16c rdrand lahf_lm epb tpr_shadow vnmi flexpriority ept vpid fsgsbase smep erms xsaveopt dtherm ida arat pln pts
bugs		:
bogomips	: 5187.90
clflush size	: 64
cache_alignment	: 64
address sizes	: 36 bits physical, 48 bits virtual
power management:

processor	: 2
vendor_id	: GenuineIntel
cpu family	: 6
model		: 58
model name	: Intel(R) Core(TM) i5-3230M CPU @ 2.60GHz
stepping	: 9
microcode	: 0x15
cpu MHz		: 2999.953
cache size	: 3072 KB
physical id	: 0
siblings	: 4
core id		: 1
cpu cores	: 2
apicid		: 2
initial apicid	: 2
fpu		: yes
fpu_exception	: yes
cpuid level	: 13
wp		: yes
flags		: fpu vme de pse tsc msr pae mce cx8 apic sep mtrr pge mca cmov pat pse36 clflush dts acpi mmx fxsr sse sse2 ss ht tm pbe syscall nx rdtscp lm constant_tsc arch_perfmon pebs bts rep_good nopl xtopology nonstop_tsc aperfmperf eagerfpu pni pclmulqdq dtes64 monitor ds_cpl vmx est tm2 ssse3 cx16 xtpr pdcm pcid sse4_1 sse4_2 x2apic popcnt tsc_deadline_timer aes xsave avx f16c rdrand lahf_lm epb tpr_shadow vnmi flexpriority ept vpid fsgsbase smep erms xsaveopt dtherm ida arat pln pts
bugs		:
bogomips	: 5187.90
clflush size	: 64
cache_alignment	: 64
address sizes	: 36 bits physical, 48 bits virtual
power management:

processor	: 3
vendor_id	: GenuineIntel
cpu family	: 6
model		: 58
model name	: Intel(R) Core(TM) i5-3230M CPU @ 2.60GHz
stepping	: 9
microcode	: 0x15
cpu MHz		: 2999.953
cache size	: 3072 KB
physical id	: 0
siblings	: 4
core id		: 1
cpu cores	: 2
apicid		: 3
initial apicid	: 3
fpu		: yes
fpu_exception	: yes
cpuid level	: 13
wp		: yes
flags		: fpu vme de pse tsc msr pae mce cx8 apic sep mtrr pge mca cmov pat pse36 clflush dts acpi mmx fxsr sse sse2 ss ht tm pbe syscall nx rdtscp lm constant_tsc arch_perfmon pebs bts rep_good nopl xtopology nonstop_tsc aperfmperf eagerfpu pni pclmulqdq dtes64 monitor ds_cpl vmx est tm2 ssse3 cx16 xtpr pdcm pcid sse4_1 sse4_2 x2apic popcnt tsc_deadline_timer aes xsave avx f16c rdrand lahf_lm epb tpr_shadow vnmi flexpriority ept vpid fsgsbase smep erms xsaveopt dtherm ida arat pln pts
bugs		:
bogomips	: 5187.90
clflush size	: 64
cache_alignment	: 64
address sizes	: 36 bits physical, 48 bits virtual
power management:



Memory: 4k page, physical 3918680k(109560k free), swap 262140k(0k free)

vm_info: Java HotSpot(TM) 64-Bit Server VM (24.79-b02) for linux-amd64 JRE (1.7.0_79-b15), built on Apr 10 2015 11:34:48 by "java_re" with gcc 4.3.0 20080428 (Red Hat 4.3.0-8)

time: Wed Sep 14 21:19:45 2016
elapsed time: 0 seconds

